#
# There is insufficient memory for the Java Runtime Environment to continue.
# Native memory allocation (mmap) failed to map 266338304 bytes for G1 virtual space
# Possible reasons:
#   The system is out of physical RAM or swap space
#   The process is running with CompressedOops enabled, and the Java Heap may be blocking the growth of the native heap
# Possible solutions:
#   Reduce memory load on the system
#   Increase physical memory or swap space
#   Check if swap backing store is full
#   Decrease Java heap size (-Xmx/-Xms)
#   Decrease number of Java threads
#   Decrease Java thread stack sizes (-Xss)
#   Set larger code cache with -XX:ReservedCodeCacheSize=
#   JVM is running with Zero Based Compressed Oops mode in which the Java heap is
#     placed in the first 32GB address space. The Java Heap base address is the
#     maximum limit for the native heap growth. Please use -XX:HeapBaseMinAddress
#     to set the Java Heap base and to place the Java Heap above 32GB virtual address.
# This output file may be truncated or incomplete.
#
#  Out of Memory Error (os_windows.cpp:3548), pid=139056, tid=115564
#
# JRE version:  (17.0.5+8) (build )
# Java VM: OpenJDK 64-Bit Server VM (17.0.5+8-LTS, mixed mode, sharing, tiered, compressed oops, compressed class ptrs, g1 gc, windows-amd64)
# No core dump will be written. Minidumps are not enabled by default on client versions of Windows
#

---------------  S U M M A R Y ------------

Command Line: -javaagent:C:\Program Files\JetBrains\IntelliJ IDEA Educational Edition 2022.2\lib\idea_rt.jar=60308:C:\Program Files\JetBrains\IntelliJ IDEA Educational Edition 2022.2\bin -Dfile.encoding=UTF-8 com.anfahrul.researchfund.ResearchfundApplicationKt

Host: 11th Gen Intel(R) Core(TM) i5-1135G7 @ 2.40GHz, 8 cores, 15G,  Windows 11 , 64 bit Build 22000 (10.0.22000.1335)
Time: Fri Dec 30 11:15:51 2022 Malay Peninsula Standard Time elapsed time: 0.009703 seconds (0d 0h 0m 0s)

---------------  T H R E A D  ---------------

Current thread (0x000002c3c279e090):  JavaThread "Unknown thread" [_thread_in_vm, id=115564, stack(0x000000d7b2100000,0x000000d7b2200000)]

Stack: [0x000000d7b2100000,0x000000d7b2200000]
Native frames: (J=compiled Java code, j=interpreted, Vv=VM code, C=native code)
V  [jvm.dll+0x646e0a]
V  [jvm.dll+0x7f7f14]
V  [jvm.dll+0x7f96ce]
V  [jvm.dll+0x7f9d23]
V  [jvm.dll+0x234c98]
V  [jvm.dll+0x643d6a]
V  [jvm.dll+0x63849a]
V  [jvm.dll+0x2f2ed9]
V  [jvm.dll+0x2fa066]
V  [jvm.dll+0x345a2a]
V  [jvm.dll+0x345c6f]
V  [jvm.dll+0x2c9378]
V  [jvm.dll+0x2ca309]
V  [jvm.dll+0x7cb681]
V  [jvm.dll+0x352eb1]
V  [jvm.dll+0x7abb8e]
V  [jvm.dll+0x3ce293]
V  [jvm.dll+0x3cfc91]
C  [jli.dll+0x519f]
C  [ucrtbase.dll+0x26c0c]
C  [KERNEL32.DLL+0x155a0]
C  [ntdll.dll+0x485b]


---------------  P R O C E S S  ---------------

Threads class SMR info:
_java_thread_list=0x00007fff7d386758, length=0, elements={
}

Java Threads: ( => current thread )

Other Threads:
  0x000002c3c28099e0 GCTaskThread "GC Thread#0" [stack: 0x000000d7b2200000,0x000000d7b2300000] [id=84560]
  0x000002c3c281b760 ConcurrentGCThread "G1 Main Marker" [stack: 0x000000d7b2300000,0x000000d7b2400000] [id=98136]
  0x000002c3c281d020 ConcurrentGCThread "G1 Conc#0" [stack: 0x000000d7b2400000,0x000000d7b2500000] [id=134936]

[error occurred during error reporting (printing all threads), id 0xc0000005, EXCEPTION_ACCESS_VIOLATION (0xc0000005) at pc=0x00007fff7cb7a567]

VM state: not at safepoint (not fully initialized)

VM Mutex/Monitor currently owned by a thread:  ([mutex/lock_event])
[0x000002c3c279ae10] Heap_lock - owner thread: 0x000002c3c279e090

Heap address: 0x0000000703200000, size: 4046 MB, Compressed Oops mode: Zero based, Oop shift amount: 3

CDS archive(s) mapped at: [0x0000000000000000-0x0000000000000000-0x0000000000000000), size 0, SharedBaseAddress: 0x0000000800000000, ArchiveRelocationMode: 0.
Narrow klass base: 0x0000000000000000, Narrow klass shift: 0, Narrow klass range: 0x0

GC Precious Log:
<Empty>

Heap:
 garbage-first heap   total 0K, used 0K [0x0000000703200000, 0x0000000800000000)
  region size 2048K, 0 young (0K), 0 survivors (0K)

[error occurred during error reporting (printing heap information), id 0xc0000005, EXCEPTION_ACCESS_VIOLATION (0xc0000005) at pc=0x00007fff7cf3e739]

GC Heap History (0 events):
No events

Dll operation events (1 events):
Event: 0.007 Loaded shared library C:\Users\anfahrul\.jdks\corretto-17.0.5\bin\java.dll

Deoptimization events (0 events):
No events

Classes unloaded (0 events):
No events

Classes redefined (0 events):
No events

Internal exceptions (0 events):
No events

VM Operations (0 events):
No events

Events (0 events):
No events


Dynamic libraries:
0x00007ff76c5d0000 - 0x00007ff76c5dd000 	C:\Users\anfahrul\.jdks\corretto-17.0.5\bin\java.exe
0x00007ffff1740000 - 0x00007ffff1949000 	C:\Windows\SYSTEM32\ntdll.dll
0x00007ffff0700000 - 0x00007ffff07be000 	C:\Windows\System32\KERNEL32.DLL
0x00007fffeed60000 - 0x00007fffef0db000 	C:\Windows\System32\KERNELBASE.dll
0x00007fffef0e0000 - 0x00007fffef1f1000 	C:\Windows\System32\ucrtbase.dll
0x00007fffd31d0000 - 0x00007fffd31e5000 	C:\Users\anfahrul\.jdks\corretto-17.0.5\bin\VCRUNTIME140.dll
0x00007fffd31f0000 - 0x00007fffd3207000 	C:\Users\anfahrul\.jdks\corretto-17.0.5\bin\jli.dll
0x00007fffefa40000 - 0x00007fffefbed000 	C:\Windows\System32\USER32.dll
0x00007fffeed30000 - 0x00007fffeed56000 	C:\Windows\System32\win32u.dll
0x00007ffff0a50000 - 0x00007ffff0a79000 	C:\Windows\System32\GDI32.dll
0x00007fffeec10000 - 0x00007fffeed28000 	C:\Windows\System32\gdi32full.dll
0x00007fffd0d10000 - 0x00007fffd0fb5000 	C:\Windows\WinSxS\amd64_microsoft.windows.common-controls_6595b64144ccf1df_6.0.22000.120_none_9d947278b86cc467\COMCTL32.dll
0x00007fffef200000 - 0x00007fffef29d000 	C:\Windows\System32\msvcp_win.dll
0x00007ffff0560000 - 0x00007ffff0603000 	C:\Windows\System32\msvcrt.dll
0x00007ffff0a80000 - 0x00007ffff0ab2000 	C:\Windows\System32\IMM32.DLL
0x00007fffcfc70000 - 0x00007fffcfd0b000 	C:\Users\anfahrul\.jdks\corretto-17.0.5\bin\msvcp140.dll
0x00007fff7c8a0000 - 0x00007fff7d4b4000 	C:\Users\anfahrul\.jdks\corretto-17.0.5\bin\server\jvm.dll
0x00007fffefd30000 - 0x00007fffefdde000 	C:\Windows\System32\ADVAPI32.dll
0x00007fffefe50000 - 0x00007fffefeee000 	C:\Windows\System32\sechost.dll
0x00007fffefbf0000 - 0x00007fffefd10000 	C:\Windows\System32\RPCRT4.dll
0x00007fffe6390000 - 0x00007fffe63c3000 	C:\Windows\SYSTEM32\WINMM.dll
0x00007fffe0810000 - 0x00007fffe081a000 	C:\Windows\SYSTEM32\VERSION.dll
0x00007fffcb3c0000 - 0x00007fffcb3c9000 	C:\Windows\SYSTEM32\WSOCK32.dll
0x00007ffff0410000 - 0x00007ffff047f000 	C:\Windows\System32\WS2_32.dll
0x00007fffedd80000 - 0x00007fffedd98000 	C:\Windows\SYSTEM32\kernel.appcore.dll
0x00007fffd9630000 - 0x00007fffd963a000 	C:\Users\anfahrul\.jdks\corretto-17.0.5\bin\jimage.dll
0x00007fffec7a0000 - 0x00007fffec9c1000 	C:\Windows\SYSTEM32\DBGHELP.DLL
0x00007fffe0eb0000 - 0x00007fffe0ee1000 	C:\Windows\SYSTEM32\dbgcore.DLL
0x00007fffef2a0000 - 0x00007fffef31f000 	C:\Windows\System32\bcryptPrimitives.dll
0x00007fffd9d80000 - 0x00007fffd9d8e000 	C:\Users\anfahrul\.jdks\corretto-17.0.5\bin\instrument.dll
0x00007fffd0270000 - 0x00007fffd0295000 	C:\Users\anfahrul\.jdks\corretto-17.0.5\bin\java.dll

dbghelp: loaded successfully - version: 4.0.5 - missing functions: none
symbol engine: initialized successfully - sym options: 0x614 - pdb path: .;C:\Users\anfahrul\.jdks\corretto-17.0.5\bin;C:\Windows\SYSTEM32;C:\Windows\WinSxS\amd64_microsoft.windows.common-controls_6595b64144ccf1df_6.0.22000.120_none_9d947278b86cc467;C:\Users\anfahrul\.jdks\corretto-17.0.5\bin\server

VM Arguments:
jvm_args: -javaagent:C:\Program Files\JetBrains\IntelliJ IDEA Educational Edition 2022.2\lib\idea_rt.jar=60308:C:\Program Files\JetBrains\IntelliJ IDEA Educational Edition 2022.2\bin -Dfile.encoding=UTF-8 
java_command: com.anfahrul.researchfund.ResearchfundApplicationKt
java_class_path (initial): D:\DEVELOPMENT\project\researchfund\build\classes\kotlin\main;D:\DEVELOPMENT\project\researchfund\build\resources\main;C:\Users\anfahrul\.gradle\caches\modules-2\files-2.1\org.springframework.boot\spring-boot-starter-data-jpa\3.0.0\3fa6a036bc4f0383ebb6105420d36ce9580d5fe9\spring-boot-starter-data-jpa-3.0.0.jar;C:\Users\anfahrul\.gradle\caches\modules-2\files-2.1\org.springframework.boot\spring-boot-starter-web\3.0.0\5dd6c38f60b915dce2c4a340f4ea68f2e52306f8\spring-boot-starter-web-3.0.0.jar;C:\Users\anfahrul\.gradle\caches\modules-2\files-2.1\org.springframework.boot\spring-boot-starter-validation\3.0.0\306f603abf63f42ccfeefa238f8c32aa535ab943\spring-boot-starter-validation-3.0.0.jar;C:\Users\anfahrul\.gradle\caches\modules-2\files-2.1\io.jsonwebtoken\jjwt\0.9.1\54d2abfc3e63a28824d35bf600d6a5d627da681a\jjwt-0.9.1.jar;C:\Users\anfahrul\.gradle\caches\modules-2\files-2.1\com.fasterxml.jackson.module\jackson-module-kotlin\2.14.1\9230908f5a521fc2afccdd62c50bb7bb9ef633a1\jackson-module-kotlin-2.14.1.jar;C:\Users\anfahrul\.gradle\caches\modules-2\files-2.1\org.jetbrains.kotlin\kotlin-reflect\1.7.21\ad6d09bc4db0eab1069112eea8ebea0be7be44f\kotlin-reflect-1.7.21.jar;C:\Users\anfahrul\.gradle\caches\modules-2\files-2.1\org.jetbrains.kotlin\kotlin-stdlib-jdk8\1.7.21\5407c3593c58860cec5ee3f66c468396b42f4c2b\kotlin-stdlib-jdk8-1.7.21.jar;C:\Users\anfahrul\.gradle\caches\modules-2\files-2.1\org.springframework.boot\spring-boot-starter-security\3.0.0\efe7ffae5c9875e2019c6a701759ea524cb331ee\spring-boot-starter-security-3.0.0.jar;C:\Users\anfahrul\.gradle\caches\modules-2\files-2.1\javax.xml.bind\jaxb-api\2.4.0-b180830.0359\b54184b7dcab2031add3f525550c7f1b7e12209d\jaxb-api-2.4.0-b180830.0359.jar;C:\Users\anfahrul\.gradle\caches\modules-2\files-2.1\org.springframework.boot\spring-boot-starter-aop\3.0.0\aff0890dc80d8838cfa3276abfda07d9bfb0d730\spring-boot-starter-aop-3.0.0.jar;C:\Users\anfahrul\.gradle\caches\modules-2\files-2.1\org.springframework.boot\sp
Launcher Type: SUN_STANDARD

[Global flags]
     intx CICompilerCount                          = 4                                         {product} {ergonomic}
     uint ConcGCThreads                            = 2                                         {product} {ergonomic}
     uint G1ConcRefinementThreads                  = 8                                         {product} {ergonomic}
   size_t G1HeapRegionSize                         = 2097152                                   {product} {ergonomic}
    uintx GCDrainStackTargetSize                   = 64                                        {product} {ergonomic}
   size_t InitialHeapSize                          = 266338304                                 {product} {ergonomic}
   size_t MarkStackSize                            = 4194304                                   {product} {ergonomic}
   size_t MaxHeapSize                              = 4242538496                                {product} {ergonomic}
   size_t MinHeapDeltaBytes                        = 2097152                                   {product} {ergonomic}
   size_t MinHeapSize                              = 8388608                                   {product} {ergonomic}
    uintx NonNMethodCodeHeapSize                   = 5839372                                {pd product} {ergonomic}
    uintx NonProfiledCodeHeapSize                  = 122909434                              {pd product} {ergonomic}
    uintx ProfiledCodeHeapSize                     = 122909434                              {pd product} {ergonomic}
    uintx ReservedCodeCacheSize                    = 251658240                              {pd product} {ergonomic}
     bool SegmentedCodeCache                       = true                                      {product} {ergonomic}
   size_t SoftMaxHeapSize                          = 4242538496                             {manageable} {ergonomic}
     bool UseCompressedClassPointers               = true                           {product lp64_product} {ergonomic}
     bool UseCompressedOops                        = true                           {product lp64_product} {ergonomic}
     bool UseG1GC                                  = true                                      {product} {ergonomic}
     bool UseLargePagesIndividualAllocation        = false                                  {pd product} {ergonomic}

Logging:
Log output configuration:
 #0: stdout all=warning uptime,level,tags
 #1: stderr all=off uptime,level,tags

Environment Variables:
JAVA_HOME=C:\Program Files\Java\jdk-19.0.1
PATH=C:\Program Files (x86)\Common Files\Intel\Shared Libraries\redist\intel64\compiler;C:\Windows\system32;C:\Windows;C:\Windows\System32\Wbem;C:\Windows\System32\WindowsPowerShell\v1.0\;C:\Windows\System32\OpenSSH\;C:\Program Files (x86)\NVIDIA Corporation\PhysX\Common;C:\Program Files\Go\bin;C:\Program Files\Git\cmd;C:\Program Files\Java\jdk-19.0.1\bin;C:\ProgramData\chocolatey\bin;C:\Program Files\dotnet\;C:\Program Files\Docker\Docker\resources\bin;C:\xampp\php;C:\composer;C:\Program Files\nodejs\;C:\Users\anfahrul\AppData\Local\Microsoft\WindowsApps;;C:\Users\anfahrul\AppData\Local\Programs\Microsoft VS Code\bin;C:\Users\anfahrul\AppData\Roaming\Composer\vendor\bin;C:\Users\anfahrul\AppData\Roaming\npm
USERNAME=anfahrul
OS=Windows_NT
PROCESSOR_IDENTIFIER=Intel64 Family 6 Model 140 Stepping 1, GenuineIntel
TMP=C:\Users\anfahrul\AppData\Local\Temp
TEMP=C:\Users\anfahrul\AppData\Local\Temp



---------------  S Y S T E M  ---------------

OS:
 Windows 11 , 64 bit Build 22000 (10.0.22000.1335)
OS uptime: 7 days 12:31 hours
Hyper-V role detected

CPU: total 8 (initial active 8) (4 cores per cpu, 2 threads per core) family 6 model 140 stepping 1 microcode 0x8a, cx8, cmov, fxsr, ht, mmx, 3dnowpref, sse, sse2, sse3, ssse3, sse4.1, sse4.2, popcnt, lzcnt, tsc, tscinvbit, avx, avx2, aes, erms, clmul, bmi1, bmi2, adx, avx512f, avx512dq, avx512cd, avx512bw, avx512vl, sha, fma, vzeroupper, avx512_vpopcntdq, avx512_vpclmulqdq, avx512_vaes, avx512_vnni, clflush, clflushopt, clwb, avx512_vbmi2, avx512_vbmi, hv

Memory: 4k page, system-wide physical 16183M (1172M free)
TotalPageFile size 51183M (AvailPageFile size 31M)
current process WorkingSet (physical memory assigned to process): 10M, peak: 10M
current process commit charge ("private bytes"): 60M, peak: 314M

vm_info: OpenJDK 64-Bit Server VM (17.0.5+8-LTS) for windows-amd64 JRE (17.0.5+8-LTS), built on Oct 13 2022 05:18:14 by "Administrator" with MS VC++ 15.9 (VS2017)

END.
