#
# There is insufficient memory for the Java Runtime Environment to continue.
# Native memory allocation (mmap) failed to map 65536 bytes for Failed to commit metaspace.
# Possible reasons:
#   The system is out of physical RAM or swap space
#   The process is running with CompressedOops enabled, and the Java Heap may be blocking the growth of the native heap
# Possible solutions:
#   Reduce memory load on the system
#   Increase physical memory or swap space
#   Check if swap backing store is full
#   Decrease Java heap size (-Xmx/-Xms)
#   Decrease number of Java threads
#   Decrease Java thread stack sizes (-Xss)
#   Set larger code cache with -XX:ReservedCodeCacheSize=
#   JVM is running with Zero Based Compressed Oops mode in which the Java heap is
#     placed in the first 32GB address space. The Java Heap base address is the
#     maximum limit for the native heap growth. Please use -XX:HeapBaseMinAddress
#     to set the Java Heap base and to place the Java Heap above 32GB virtual address.
# This output file may be truncated or incomplete.
#
#  Out of Memory Error (virtualSpaceNode.cpp:110), pid=145608, tid=147440
#
# JRE version: OpenJDK Runtime Environment Corretto-17.0.5.8.1 (17.0.5+8) (build 17.0.5+8-LTS)
# Java VM: OpenJDK 64-Bit Server VM Corretto-17.0.5.8.1 (17.0.5+8-LTS, mixed mode, sharing, tiered, compressed oops, compressed class ptrs, g1 gc, windows-amd64)
# No core dump will be written. Minidumps are not enabled by default on client versions of Windows
#

---------------  S U M M A R Y ------------

Command Line: -javaagent:C:\Program Files\JetBrains\IntelliJ IDEA Educational Edition 2022.2\lib\idea_rt.jar=52973:C:\Program Files\JetBrains\IntelliJ IDEA Educational Edition 2022.2\bin -Dfile.encoding=UTF-8 com.anfahrul.researchfund.ResearchfundApplicationKt

Host: 11th Gen Intel(R) Core(TM) i5-1135G7 @ 2.40GHz, 8 cores, 15G,  Windows 11 , 64 bit Build 22000 (10.0.22000.1335)
Time: Fri Dec 30 00:17:20 2022 Malay Peninsula Standard Time elapsed time: 0.957532 seconds (0d 0h 0m 0s)

---------------  T H R E A D  ---------------

Current thread (0x00000228194ad020):  JavaThread "background-preinit" [_thread_in_vm, id=147440, stack(0x0000002c9b700000,0x0000002c9b800000)]

Stack: [0x0000002c9b700000,0x0000002c9b800000]
Native frames: (J=compiled Java code, j=interpreted, Vv=VM code, C=native code)
V  [jvm.dll+0x646e0a]
V  [jvm.dll+0x7f7f14]
V  [jvm.dll+0x7f96ce]
V  [jvm.dll+0x7f9d23]
V  [jvm.dll+0x234c98]
V  [jvm.dll+0x7f3fdb]
V  [jvm.dll+0x5ee0e6]
V  [jvm.dll+0x1b46be]
V  [jvm.dll+0x5f0934]
V  [jvm.dll+0x5eea9d]
V  [jvm.dll+0x5f7ea7]
V  [jvm.dll+0x1dca66]
V  [jvm.dll+0x1dcef5]
V  [jvm.dll+0x1dd931]
V  [jvm.dll+0x1d3509]
V  [jvm.dll+0x513760]
V  [jvm.dll+0x7760ac]
V  [jvm.dll+0x776194]
V  [jvm.dll+0x3edae5]
V  [jvm.dll+0x3f3671]
C  [java.dll+0x17ec]

Java frames: (J=compiled Java code, j=interpreted, Vv=VM code)
J 753  java.lang.ClassLoader.defineClass1(Ljava/lang/ClassLoader;Ljava/lang/String;[BIILjava/security/ProtectionDomain;Ljava/lang/String;)Ljava/lang/Class; java.base@17.0.5 (0 bytes) @ 0x0000022807b17ae3 [0x0000022807b17a20+0x00000000000000c3]
J 1019 c1 java.lang.ClassLoader.defineClass(Ljava/lang/String;[BIILjava/security/ProtectionDomain;)Ljava/lang/Class; java.base@17.0.5 (43 bytes) @ 0x000002280075e3dc [0x000002280075e080+0x000000000000035c]
J 923 c1 java.security.SecureClassLoader.defineClass(Ljava/lang/String;[BIILjava/security/CodeSource;)Ljava/lang/Class; java.base@17.0.5 (16 bytes) @ 0x0000022800733e8c [0x0000022800733dc0+0x00000000000000cc]
J 850 c1 jdk.internal.loader.BuiltinClassLoader.defineClass(Ljava/lang/String;Ljdk/internal/loader/Resource;)Ljava/lang/Class; java.base@17.0.5 (121 bytes) @ 0x00000228007093f4 [0x0000022800708480+0x0000000000000f74]
J 707 c1 jdk.internal.loader.BuiltinClassLoader.findClassOnClassPathOrNull(Ljava/lang/String;)Ljava/lang/Class; java.base@17.0.5 (64 bytes) @ 0x00000228006c9ae4 [0x00000228006c8a60+0x0000000000001084]
J 464 c1 jdk.internal.loader.BuiltinClassLoader.loadClassOrNull(Ljava/lang/String;Z)Ljava/lang/Class; java.base@17.0.5 (143 bytes) @ 0x0000022800651fd4 [0x00000228006510c0+0x0000000000000f14]
J 716 c1 jdk.internal.loader.ClassLoaders$AppClassLoader.loadClass(Ljava/lang/String;Z)Ljava/lang/Class; java.base@17.0.5 (40 bytes) @ 0x00000228006cbe8c [0x00000228006cb860+0x000000000000062c]
J 715 c1 java.lang.ClassLoader.loadClass(Ljava/lang/String;)Ljava/lang/Class; java.base@17.0.5 (7 bytes) @ 0x00000228006cb4cc [0x00000228006cb3c0+0x000000000000010c]
v  ~StubRoutines::call_stub
j  org.hibernate.validator.internal.util.logging.LoggerFactory.make(Ljava/lang/invoke/MethodHandles$Lookup;)Lorg/hibernate/validator/internal/util/logging/Log;+8
j  org.hibernate.validator.internal.util.Version.<clinit>()V+3
v  ~StubRoutines::call_stub
j  org.hibernate.validator.internal.engine.AbstractConfigurationImpl.<clinit>()V+16
v  ~StubRoutines::call_stub
j  org.hibernate.validator.HibernateValidator.createGenericConfiguration(Ljakarta/validation/spi/BootstrapState;)Ljakarta/validation/Configuration;+0
j  jakarta.validation.Validation$GenericBootstrapImpl.configure()Ljakarta/validation/Configuration;+81
j  org.springframework.boot.autoconfigure.BackgroundPreinitializer$ValidationInitializer.run()V+3
j  org.springframework.boot.autoconfigure.BackgroundPreinitializer$1.runSafely(Ljava/lang/Runnable;)Z+1
j  org.springframework.boot.autoconfigure.BackgroundPreinitializer$1.run()V+20
j  java.lang.Thread.run()V+11 java.base@17.0.5
v  ~StubRoutines::call_stub

---------------  P R O C E S S  ---------------

Threads class SMR info:
_java_thread_list=0x0000022818e80650, length=16, elements={
0x0000022874802120, 0x00000228177d63a0, 0x00000228177d6d50, 0x00000228177e5710,
0x00000228177e60c0, 0x00000228177e6a70, 0x00000228177e7420, 0x0000022818104140,
0x00000228177ee5d0, 0x0000022818106b40, 0x00000228181d2e30, 0x000002281843c890,
0x000002281843cd60, 0x0000022818aaacd0, 0x00000228188cc740, 0x00000228194ad020
}

Java Threads: ( => current thread )
  0x0000022874802120 JavaThread "main" [_thread_in_vm, id=74736, stack(0x0000002c99c00000,0x0000002c99d00000)]
  0x00000228177d63a0 JavaThread "Reference Handler" daemon [_thread_blocked, id=140964, stack(0x0000002c9a300000,0x0000002c9a400000)]
  0x00000228177d6d50 JavaThread "Finalizer" daemon [_thread_blocked, id=147076, stack(0x0000002c9a400000,0x0000002c9a500000)]
  0x00000228177e5710 JavaThread "Signal Dispatcher" daemon [_thread_blocked, id=107236, stack(0x0000002c9a500000,0x0000002c9a600000)]
  0x00000228177e60c0 JavaThread "Attach Listener" daemon [_thread_blocked, id=147100, stack(0x0000002c9a600000,0x0000002c9a700000)]
  0x00000228177e6a70 JavaThread "Service Thread" daemon [_thread_blocked, id=145228, stack(0x0000002c9a700000,0x0000002c9a800000)]
  0x00000228177e7420 JavaThread "Monitor Deflation Thread" daemon [_thread_blocked, id=140500, stack(0x0000002c9a800000,0x0000002c9a900000)]
  0x0000022818104140 JavaThread "C2 CompilerThread0" daemon [_thread_in_native, id=83120, stack(0x0000002c9a900000,0x0000002c9aa00000)]
  0x00000228177ee5d0 JavaThread "C1 CompilerThread0" daemon [_thread_blocked, id=105164, stack(0x0000002c9aa00000,0x0000002c9ab00000)]
  0x0000022818106b40 JavaThread "Sweeper thread" daemon [_thread_blocked, id=102900, stack(0x0000002c9ab00000,0x0000002c9ac00000)]
  0x00000228181d2e30 JavaThread "Common-Cleaner" daemon [_thread_blocked, id=34540, stack(0x0000002c9ac00000,0x0000002c9ad00000)]
  0x000002281843c890 JavaThread "Monitor Ctrl-Break" daemon [_thread_in_native, id=23268, stack(0x0000002c9ad00000,0x0000002c9ae00000)]
  0x000002281843cd60 JavaThread "Notification Thread" daemon [_thread_blocked, id=33180, stack(0x0000002c9ae00000,0x0000002c9af00000)]
  0x0000022818aaacd0 JavaThread "C2 CompilerThread1" daemon [_thread_blocked, id=148316, stack(0x0000002c9b000000,0x0000002c9b100000)]
  0x00000228188cc740 JavaThread "C2 CompilerThread2" daemon [_thread_blocked, id=63840, stack(0x0000002c9b100000,0x0000002c9b200000)]
=>0x00000228194ad020 JavaThread "background-preinit" [_thread_in_vm, id=147440, stack(0x0000002c9b700000,0x0000002c9b800000)]

Other Threads:
  0x00000228177d09f0 VMThread "VM Thread" [stack: 0x0000002c9a200000,0x0000002c9a300000] [id=48336]
  0x0000022874888610 WatcherThread [stack: 0x0000002c9af00000,0x0000002c9b000000] [id=136536]
  0x000002287273e910 GCTaskThread "GC Thread#0" [stack: 0x0000002c99d00000,0x0000002c99e00000] [id=85852]
  0x00000228194bff50 GCTaskThread "GC Thread#1" [stack: 0x0000002c9b200000,0x0000002c9b300000] [id=134388]
  0x000002281966c7a0 GCTaskThread "GC Thread#2" [stack: 0x0000002c9b300000,0x0000002c9b400000] [id=137696]
  0x000002281966ca50 GCTaskThread "GC Thread#3" [stack: 0x0000002c9b400000,0x0000002c9b500000] [id=133420]
  0x000002281966cd00 GCTaskThread "GC Thread#4" [stack: 0x0000002c9b500000,0x0000002c9b600000] [id=16800]
  0x0000022818e89310 GCTaskThread "GC Thread#5" [stack: 0x0000002c9b600000,0x0000002c9b700000] [id=140312]
  0x000002287487c630 ConcurrentGCThread "G1 Main Marker" [stack: 0x0000002c99e00000,0x0000002c99f00000] [id=149140]
  0x000002287487d6e0 ConcurrentGCThread "G1 Conc#0" [stack: 0x0000002c99f00000,0x0000002c9a000000] [id=103524]
  0x00000228748bd910 ConcurrentGCThread "G1 Refine#0" [stack: 0x0000002c9a000000,0x0000002c9a100000] [id=102952]
  0x00000228748be0d0 ConcurrentGCThread "G1 Service" [stack: 0x0000002c9a100000,0x0000002c9a200000] [id=129640]

Threads with active compile tasks:
C2 CompilerThread0      983 1421   !   4       java.net.URL::<init> (543 bytes)

VM state: not at safepoint (normal execution)

VM Mutex/Monitor currently owned by a thread:  ([mutex/lock_event])
[0x00000228747fca20] Metaspace_lock - owner thread: 0x00000228194ad020

Heap address: 0x0000000703200000, size: 4046 MB, Compressed Oops mode: Zero based, Oop shift amount: 3

CDS archive(s) mapped at: [0x0000000800000000-0x0000000800bc0000-0x0000000800bc0000), size 12320768, SharedBaseAddress: 0x0000000800000000, ArchiveRelocationMode: 0.
Compressed class space mapped at: 0x0000000800c00000-0x0000000840c00000, reserved size: 1073741824
Narrow klass base: 0x0000000800000000, Narrow klass shift: 0, Narrow klass range: 0x100000000

GC Precious Log:
 CPUs: 8 total, 8 available
 Memory: 16183M
 Large Page Support: Disabled
 NUMA Support: Disabled
 Compressed Oops: Enabled (Zero based)
 Heap Region Size: 2M
 Heap Min Capacity: 8M
 Heap Initial Capacity: 254M
 Heap Max Capacity: 4046M
 Pre-touch: Disabled
 Parallel Workers: 8
 Concurrent Workers: 2
 Concurrent Refinement Workers: 8
 Periodic GC: Disabled

Heap:
 garbage-first heap   total 260096K, used 18906K [0x0000000703200000, 0x0000000800000000)
  region size 2048K, 9 young (18432K), 2 survivors (4096K)
 Metaspace       used 8595K, committed 8704K, reserved 1064960K
  class space    used 1094K, committed 1152K, reserved 1048576K

Heap Regions: E=young(eden), S=young(survivor), O=old, HS=humongous(starts), HC=humongous(continues), CS=collection set, F=free, OA=open archive, CA=closed archive, TAMS=top-at-mark-start (previous, next)
|   0|0x0000000703200000, 0x0000000703400000, 0x0000000703400000|100%| O|  |TAMS 0x0000000703200000, 0x0000000703200000| Untracked 
|   1|0x0000000703400000, 0x0000000703476800, 0x0000000703600000| 23%| O|  |TAMS 0x0000000703400000, 0x0000000703400000| Untracked 
|   2|0x0000000703600000, 0x0000000703600000, 0x0000000703800000|  0%| F|  |TAMS 0x0000000703600000, 0x0000000703600000| Untracked 
|   3|0x0000000703800000, 0x0000000703800000, 0x0000000703a00000|  0%| F|  |TAMS 0x0000000703800000, 0x0000000703800000| Untracked 
|   4|0x0000000703a00000, 0x0000000703a00000, 0x0000000703c00000|  0%| F|  |TAMS 0x0000000703a00000, 0x0000000703a00000| Untracked 
|   5|0x0000000703c00000, 0x0000000703c00000, 0x0000000703e00000|  0%| F|  |TAMS 0x0000000703c00000, 0x0000000703c00000| Untracked 
|   6|0x0000000703e00000, 0x0000000703e00000, 0x0000000704000000|  0%| F|  |TAMS 0x0000000703e00000, 0x0000000703e00000| Untracked 
|   7|0x0000000704000000, 0x0000000704000000, 0x0000000704200000|  0%| F|  |TAMS 0x0000000704000000, 0x0000000704000000| Untracked 
|   8|0x0000000704200000, 0x0000000704200000, 0x0000000704400000|  0%| F|  |TAMS 0x0000000704200000, 0x0000000704200000| Untracked 
|   9|0x0000000704400000, 0x0000000704400000, 0x0000000704600000|  0%| F|  |TAMS 0x0000000704400000, 0x0000000704400000| Untracked 
|  10|0x0000000704600000, 0x0000000704600000, 0x0000000704800000|  0%| F|  |TAMS 0x0000000704600000, 0x0000000704600000| Untracked 
|  11|0x0000000704800000, 0x0000000704800000, 0x0000000704a00000|  0%| F|  |TAMS 0x0000000704800000, 0x0000000704800000| Untracked 
|  12|0x0000000704a00000, 0x0000000704a00000, 0x0000000704c00000|  0%| F|  |TAMS 0x0000000704a00000, 0x0000000704a00000| Untracked 
|  13|0x0000000704c00000, 0x0000000704c00000, 0x0000000704e00000|  0%| F|  |TAMS 0x0000000704c00000, 0x0000000704c00000| Untracked 
|  14|0x0000000704e00000, 0x0000000704e00000, 0x0000000705000000|  0%| F|  |TAMS 0x0000000704e00000, 0x0000000704e00000| Untracked 
|  15|0x0000000705000000, 0x0000000705000000, 0x0000000705200000|  0%| F|  |TAMS 0x0000000705000000, 0x0000000705000000| Untracked 
|  16|0x0000000705200000, 0x0000000705200000, 0x0000000705400000|  0%| F|  |TAMS 0x0000000705200000, 0x0000000705200000| Untracked 
|  17|0x0000000705400000, 0x0000000705400000, 0x0000000705600000|  0%| F|  |TAMS 0x0000000705400000, 0x0000000705400000| Untracked 
|  18|0x0000000705600000, 0x0000000705600000, 0x0000000705800000|  0%| F|  |TAMS 0x0000000705600000, 0x0000000705600000| Untracked 
|  19|0x0000000705800000, 0x0000000705800000, 0x0000000705a00000|  0%| F|  |TAMS 0x0000000705800000, 0x0000000705800000| Untracked 
|  20|0x0000000705a00000, 0x0000000705a00000, 0x0000000705c00000|  0%| F|  |TAMS 0x0000000705a00000, 0x0000000705a00000| Untracked 
|  21|0x0000000705c00000, 0x0000000705c00000, 0x0000000705e00000|  0%| F|  |TAMS 0x0000000705c00000, 0x0000000705c00000| Untracked 
|  22|0x0000000705e00000, 0x0000000705e00000, 0x0000000706000000|  0%| F|  |TAMS 0x0000000705e00000, 0x0000000705e00000| Untracked 
|  23|0x0000000706000000, 0x0000000706000000, 0x0000000706200000|  0%| F|  |TAMS 0x0000000706000000, 0x0000000706000000| Untracked 
|  24|0x0000000706200000, 0x0000000706200000, 0x0000000706400000|  0%| F|  |TAMS 0x0000000706200000, 0x0000000706200000| Untracked 
|  25|0x0000000706400000, 0x0000000706400000, 0x0000000706600000|  0%| F|  |TAMS 0x0000000706400000, 0x0000000706400000| Untracked 
|  26|0x0000000706600000, 0x0000000706600000, 0x0000000706800000|  0%| F|  |TAMS 0x0000000706600000, 0x0000000706600000| Untracked 
|  27|0x0000000706800000, 0x0000000706800000, 0x0000000706a00000|  0%| F|  |TAMS 0x0000000706800000, 0x0000000706800000| Untracked 
|  28|0x0000000706a00000, 0x0000000706a00000, 0x0000000706c00000|  0%| F|  |TAMS 0x0000000706a00000, 0x0000000706a00000| Untracked 
|  29|0x0000000706c00000, 0x0000000706c00000, 0x0000000706e00000|  0%| F|  |TAMS 0x0000000706c00000, 0x0000000706c00000| Untracked 
|  30|0x0000000706e00000, 0x0000000706e00000, 0x0000000707000000|  0%| F|  |TAMS 0x0000000706e00000, 0x0000000706e00000| Untracked 
|  31|0x0000000707000000, 0x0000000707000000, 0x0000000707200000|  0%| F|  |TAMS 0x0000000707000000, 0x0000000707000000| Untracked 
|  32|0x0000000707200000, 0x0000000707200000, 0x0000000707400000|  0%| F|  |TAMS 0x0000000707200000, 0x0000000707200000| Untracked 
|  33|0x0000000707400000, 0x0000000707400000, 0x0000000707600000|  0%| F|  |TAMS 0x0000000707400000, 0x0000000707400000| Untracked 
|  34|0x0000000707600000, 0x0000000707600000, 0x0000000707800000|  0%| F|  |TAMS 0x0000000707600000, 0x0000000707600000| Untracked 
|  35|0x0000000707800000, 0x0000000707800000, 0x0000000707a00000|  0%| F|  |TAMS 0x0000000707800000, 0x0000000707800000| Untracked 
|  36|0x0000000707a00000, 0x0000000707a00000, 0x0000000707c00000|  0%| F|  |TAMS 0x0000000707a00000, 0x0000000707a00000| Untracked 
|  37|0x0000000707c00000, 0x0000000707c00000, 0x0000000707e00000|  0%| F|  |TAMS 0x0000000707c00000, 0x0000000707c00000| Untracked 
|  38|0x0000000707e00000, 0x0000000707e00000, 0x0000000708000000|  0%| F|  |TAMS 0x0000000707e00000, 0x0000000707e00000| Untracked 
|  39|0x0000000708000000, 0x0000000708000000, 0x0000000708200000|  0%| F|  |TAMS 0x0000000708000000, 0x0000000708000000| Untracked 
|  40|0x0000000708200000, 0x0000000708200000, 0x0000000708400000|  0%| F|  |TAMS 0x0000000708200000, 0x0000000708200000| Untracked 
|  41|0x0000000708400000, 0x0000000708400000, 0x0000000708600000|  0%| F|  |TAMS 0x0000000708400000, 0x0000000708400000| Untracked 
|  42|0x0000000708600000, 0x0000000708600000, 0x0000000708800000|  0%| F|  |TAMS 0x0000000708600000, 0x0000000708600000| Untracked 
|  43|0x0000000708800000, 0x0000000708800000, 0x0000000708a00000|  0%| F|  |TAMS 0x0000000708800000, 0x0000000708800000| Untracked 
|  44|0x0000000708a00000, 0x0000000708a00000, 0x0000000708c00000|  0%| F|  |TAMS 0x0000000708a00000, 0x0000000708a00000| Untracked 
|  45|0x0000000708c00000, 0x0000000708c00000, 0x0000000708e00000|  0%| F|  |TAMS 0x0000000708c00000, 0x0000000708c00000| Untracked 
|  46|0x0000000708e00000, 0x0000000708e00000, 0x0000000709000000|  0%| F|  |TAMS 0x0000000708e00000, 0x0000000708e00000| Untracked 
|  47|0x0000000709000000, 0x0000000709000000, 0x0000000709200000|  0%| F|  |TAMS 0x0000000709000000, 0x0000000709000000| Untracked 
|  48|0x0000000709200000, 0x0000000709200000, 0x0000000709400000|  0%| F|  |TAMS 0x0000000709200000, 0x0000000709200000| Untracked 
|  49|0x0000000709400000, 0x0000000709400000, 0x0000000709600000|  0%| F|  |TAMS 0x0000000709400000, 0x0000000709400000| Untracked 
|  50|0x0000000709600000, 0x0000000709600000, 0x0000000709800000|  0%| F|  |TAMS 0x0000000709600000, 0x0000000709600000| Untracked 
|  51|0x0000000709800000, 0x0000000709800000, 0x0000000709a00000|  0%| F|  |TAMS 0x0000000709800000, 0x0000000709800000| Untracked 
|  52|0x0000000709a00000, 0x0000000709a00000, 0x0000000709c00000|  0%| F|  |TAMS 0x0000000709a00000, 0x0000000709a00000| Untracked 
|  53|0x0000000709c00000, 0x0000000709c00000, 0x0000000709e00000|  0%| F|  |TAMS 0x0000000709c00000, 0x0000000709c00000| Untracked 
|  54|0x0000000709e00000, 0x0000000709e00000, 0x000000070a000000|  0%| F|  |TAMS 0x0000000709e00000, 0x0000000709e00000| Untracked 
|  55|0x000000070a000000, 0x000000070a000000, 0x000000070a200000|  0%| F|  |TAMS 0x000000070a000000, 0x000000070a000000| Untracked 
|  56|0x000000070a200000, 0x000000070a200000, 0x000000070a400000|  0%| F|  |TAMS 0x000000070a200000, 0x000000070a200000| Untracked 
|  57|0x000000070a400000, 0x000000070a400000, 0x000000070a600000|  0%| F|  |TAMS 0x000000070a400000, 0x000000070a400000| Untracked 
|  58|0x000000070a600000, 0x000000070a600000, 0x000000070a800000|  0%| F|  |TAMS 0x000000070a600000, 0x000000070a600000| Untracked 
|  59|0x000000070a800000, 0x000000070a800000, 0x000000070aa00000|  0%| F|  |TAMS 0x000000070a800000, 0x000000070a800000| Untracked 
|  60|0x000000070aa00000, 0x000000070aa00000, 0x000000070ac00000|  0%| F|  |TAMS 0x000000070aa00000, 0x000000070aa00000| Untracked 
|  61|0x000000070ac00000, 0x000000070ac00000, 0x000000070ae00000|  0%| F|  |TAMS 0x000000070ac00000, 0x000000070ac00000| Untracked 
|  62|0x000000070ae00000, 0x000000070ae00000, 0x000000070b000000|  0%| F|  |TAMS 0x000000070ae00000, 0x000000070ae00000| Untracked 
|  63|0x000000070b000000, 0x000000070b000000, 0x000000070b200000|  0%| F|  |TAMS 0x000000070b000000, 0x000000070b000000| Untracked 
|  64|0x000000070b200000, 0x000000070b200000, 0x000000070b400000|  0%| F|  |TAMS 0x000000070b200000, 0x000000070b200000| Untracked 
|  65|0x000000070b400000, 0x000000070b400000, 0x000000070b600000|  0%| F|  |TAMS 0x000000070b400000, 0x000000070b400000| Untracked 
|  66|0x000000070b600000, 0x000000070b600000, 0x000000070b800000|  0%| F|  |TAMS 0x000000070b600000, 0x000000070b600000| Untracked 
|  67|0x000000070b800000, 0x000000070b800000, 0x000000070ba00000|  0%| F|  |TAMS 0x000000070b800000, 0x000000070b800000| Untracked 
|  68|0x000000070ba00000, 0x000000070ba00000, 0x000000070bc00000|  0%| F|  |TAMS 0x000000070ba00000, 0x000000070ba00000| Untracked 
|  69|0x000000070bc00000, 0x000000070bc00000, 0x000000070be00000|  0%| F|  |TAMS 0x000000070bc00000, 0x000000070bc00000| Untracked 
|  70|0x000000070be00000, 0x000000070be00000, 0x000000070c000000|  0%| F|  |TAMS 0x000000070be00000, 0x000000070be00000| Untracked 
|  71|0x000000070c000000, 0x000000070c000000, 0x000000070c200000|  0%| F|  |TAMS 0x000000070c000000, 0x000000070c000000| Untracked 
|  72|0x000000070c200000, 0x000000070c200000, 0x000000070c400000|  0%| F|  |TAMS 0x000000070c200000, 0x000000070c200000| Untracked 
|  73|0x000000070c400000, 0x000000070c400000, 0x000000070c600000|  0%| F|  |TAMS 0x000000070c400000, 0x000000070c400000| Untracked 
|  74|0x000000070c600000, 0x000000070c600000, 0x000000070c800000|  0%| F|  |TAMS 0x000000070c600000, 0x000000070c600000| Untracked 
|  75|0x000000070c800000, 0x000000070c800000, 0x000000070ca00000|  0%| F|  |TAMS 0x000000070c800000, 0x000000070c800000| Untracked 
|  76|0x000000070ca00000, 0x000000070ca00000, 0x000000070cc00000|  0%| F|  |TAMS 0x000000070ca00000, 0x000000070ca00000| Untracked 
|  77|0x000000070cc00000, 0x000000070cc00000, 0x000000070ce00000|  0%| F|  |TAMS 0x000000070cc00000, 0x000000070cc00000| Untracked 
|  78|0x000000070ce00000, 0x000000070ce00000, 0x000000070d000000|  0%| F|  |TAMS 0x000000070ce00000, 0x000000070ce00000| Untracked 
|  79|0x000000070d000000, 0x000000070d000000, 0x000000070d200000|  0%| F|  |TAMS 0x000000070d000000, 0x000000070d000000| Untracked 
|  80|0x000000070d200000, 0x000000070d200000, 0x000000070d400000|  0%| F|  |TAMS 0x000000070d200000, 0x000000070d200000| Untracked 
|  81|0x000000070d400000, 0x000000070d400000, 0x000000070d600000|  0%| F|  |TAMS 0x000000070d400000, 0x000000070d400000| Untracked 
|  82|0x000000070d600000, 0x000000070d600000, 0x000000070d800000|  0%| F|  |TAMS 0x000000070d600000, 0x000000070d600000| Untracked 
|  83|0x000000070d800000, 0x000000070d800000, 0x000000070da00000|  0%| F|  |TAMS 0x000000070d800000, 0x000000070d800000| Untracked 
|  84|0x000000070da00000, 0x000000070da00000, 0x000000070dc00000|  0%| F|  |TAMS 0x000000070da00000, 0x000000070da00000| Untracked 
|  85|0x000000070dc00000, 0x000000070dc00000, 0x000000070de00000|  0%| F|  |TAMS 0x000000070dc00000, 0x000000070dc00000| Untracked 
|  86|0x000000070de00000, 0x000000070de00000, 0x000000070e000000|  0%| F|  |TAMS 0x000000070de00000, 0x000000070de00000| Untracked 
|  87|0x000000070e000000, 0x000000070e000000, 0x000000070e200000|  0%| F|  |TAMS 0x000000070e000000, 0x000000070e000000| Untracked 
|  88|0x000000070e200000, 0x000000070e200000, 0x000000070e400000|  0%| F|  |TAMS 0x000000070e200000, 0x000000070e200000| Untracked 
|  89|0x000000070e400000, 0x000000070e400000, 0x000000070e600000|  0%| F|  |TAMS 0x000000070e400000, 0x000000070e400000| Untracked 
|  90|0x000000070e600000, 0x000000070e600000, 0x000000070e800000|  0%| F|  |TAMS 0x000000070e600000, 0x000000070e600000| Untracked 
|  91|0x000000070e800000, 0x000000070e800000, 0x000000070ea00000|  0%| F|  |TAMS 0x000000070e800000, 0x000000070e800000| Untracked 
|  92|0x000000070ea00000, 0x000000070ea00000, 0x000000070ec00000|  0%| F|  |TAMS 0x000000070ea00000, 0x000000070ea00000| Untracked 
|  93|0x000000070ec00000, 0x000000070ec00000, 0x000000070ee00000|  0%| F|  |TAMS 0x000000070ec00000, 0x000000070ec00000| Untracked 
|  94|0x000000070ee00000, 0x000000070ee00000, 0x000000070f000000|  0%| F|  |TAMS 0x000000070ee00000, 0x000000070ee00000| Untracked 
|  95|0x000000070f000000, 0x000000070f000000, 0x000000070f200000|  0%| F|  |TAMS 0x000000070f000000, 0x000000070f000000| Untracked 
|  96|0x000000070f200000, 0x000000070f200000, 0x000000070f400000|  0%| F|  |TAMS 0x000000070f200000, 0x000000070f200000| Untracked 
|  97|0x000000070f400000, 0x000000070f400000, 0x000000070f600000|  0%| F|  |TAMS 0x000000070f400000, 0x000000070f400000| Untracked 
|  98|0x000000070f600000, 0x000000070f600000, 0x000000070f800000|  0%| F|  |TAMS 0x000000070f600000, 0x000000070f600000| Untracked 
|  99|0x000000070f800000, 0x000000070f800000, 0x000000070fa00000|  0%| F|  |TAMS 0x000000070f800000, 0x000000070f800000| Untracked 
| 100|0x000000070fa00000, 0x000000070fa00000, 0x000000070fc00000|  0%| F|  |TAMS 0x000000070fa00000, 0x000000070fa00000| Untracked 
| 101|0x000000070fc00000, 0x000000070fc00000, 0x000000070fe00000|  0%| F|  |TAMS 0x000000070fc00000, 0x000000070fc00000| Untracked 
| 102|0x000000070fe00000, 0x000000070fe00000, 0x0000000710000000|  0%| F|  |TAMS 0x000000070fe00000, 0x000000070fe00000| Untracked 
| 103|0x0000000710000000, 0x0000000710000000, 0x0000000710200000|  0%| F|  |TAMS 0x0000000710000000, 0x0000000710000000| Untracked 
| 104|0x0000000710200000, 0x0000000710200000, 0x0000000710400000|  0%| F|  |TAMS 0x0000000710200000, 0x0000000710200000| Untracked 
| 105|0x0000000710400000, 0x0000000710400000, 0x0000000710600000|  0%| F|  |TAMS 0x0000000710400000, 0x0000000710400000| Untracked 
| 106|0x0000000710600000, 0x0000000710600000, 0x0000000710800000|  0%| F|  |TAMS 0x0000000710600000, 0x0000000710600000| Untracked 
| 107|0x0000000710800000, 0x0000000710800000, 0x0000000710a00000|  0%| F|  |TAMS 0x0000000710800000, 0x0000000710800000| Untracked 
| 108|0x0000000710a00000, 0x0000000710a00000, 0x0000000710c00000|  0%| F|  |TAMS 0x0000000710a00000, 0x0000000710a00000| Untracked 
| 109|0x0000000710c00000, 0x0000000710c00000, 0x0000000710e00000|  0%| F|  |TAMS 0x0000000710c00000, 0x0000000710c00000| Untracked 
| 110|0x0000000710e00000, 0x0000000710e00000, 0x0000000711000000|  0%| F|  |TAMS 0x0000000710e00000, 0x0000000710e00000| Untracked 
| 111|0x0000000711000000, 0x0000000711000000, 0x0000000711200000|  0%| F|  |TAMS 0x0000000711000000, 0x0000000711000000| Untracked 
| 112|0x0000000711200000, 0x0000000711200000, 0x0000000711400000|  0%| F|  |TAMS 0x0000000711200000, 0x0000000711200000| Untracked 
| 113|0x0000000711400000, 0x0000000711400000, 0x0000000711600000|  0%| F|  |TAMS 0x0000000711400000, 0x0000000711400000| Untracked 
| 114|0x0000000711600000, 0x0000000711800000, 0x0000000711800000|100%| S|CS|TAMS 0x0000000711600000, 0x0000000711600000| Complete 
| 115|0x0000000711800000, 0x0000000711a00000, 0x0000000711a00000|100%| S|CS|TAMS 0x0000000711800000, 0x0000000711800000| Complete 
| 116|0x0000000711a00000, 0x0000000711a00000, 0x0000000711c00000|  0%| F|  |TAMS 0x0000000711a00000, 0x0000000711a00000| Untracked 
| 117|0x0000000711c00000, 0x0000000711c00000, 0x0000000711e00000|  0%| F|  |TAMS 0x0000000711c00000, 0x0000000711c00000| Untracked 
| 118|0x0000000711e00000, 0x0000000711e00000, 0x0000000712000000|  0%| F|  |TAMS 0x0000000711e00000, 0x0000000711e00000| Untracked 
| 119|0x0000000712000000, 0x0000000712000000, 0x0000000712200000|  0%| F|  |TAMS 0x0000000712000000, 0x0000000712000000| Untracked 
| 120|0x0000000712200000, 0x00000007123eeae0, 0x0000000712400000| 96%| E|  |TAMS 0x0000000712200000, 0x0000000712200000| Complete 
| 121|0x0000000712400000, 0x0000000712600000, 0x0000000712600000|100%| E|CS|TAMS 0x0000000712400000, 0x0000000712400000| Complete 
| 122|0x0000000712600000, 0x0000000712800000, 0x0000000712800000|100%| E|CS|TAMS 0x0000000712600000, 0x0000000712600000| Complete 
| 123|0x0000000712800000, 0x0000000712a00000, 0x0000000712a00000|100%| E|CS|TAMS 0x0000000712800000, 0x0000000712800000| Complete 
| 124|0x0000000712a00000, 0x0000000712c00000, 0x0000000712c00000|100%| E|CS|TAMS 0x0000000712a00000, 0x0000000712a00000| Complete 
| 125|0x0000000712c00000, 0x0000000712e00000, 0x0000000712e00000|100%| E|CS|TAMS 0x0000000712c00000, 0x0000000712c00000| Complete 
| 126|0x0000000712e00000, 0x0000000713000000, 0x0000000713000000|100%| E|CS|TAMS 0x0000000712e00000, 0x0000000712e00000| Complete 

Card table byte_map: [0x000002287ce10000,0x000002287d600000] _byte_map_base: 0x00000228795f7000

Marking Bits (Prev, Next): (CMBitMap*) 0x000002287486c030, (CMBitMap*) 0x000002287486c070
 Prev Bits: [0x000002280f000000, 0x0000022812f38000)
 Next Bits: [0x0000022812f40000, 0x0000022816e78000)

Polling page: 0x0000022872760000

Metaspace:

Usage:
  Non-class:      7.33 MB used.
      Class:      1.07 MB used.
       Both:      8.39 MB used.

Virtual space:
  Non-class space:       16.00 MB reserved,       7.38 MB ( 46%) committed,  2 nodes.
      Class space:        1.00 GB reserved,       1.13 MB ( <1%) committed,  1 nodes.
             Both:        1.02 GB reserved,       8.50 MB ( <1%) committed. 

Chunk freelists:
   Non-Class:  3.61 MB
       Class:  2.70 MB
        Both:  6.31 MB

MaxMetaspaceSize: unlimited
CompressedClassSpaceSize: 1.00 GB
Initial GC threshold: 21.00 MB
Current GC threshold: 21.00 MB
CDS: on
MetaspaceReclaimPolicy: balanced
 - commit_granule_bytes: 65536.
 - commit_granule_words: 8192.
 - virtual_space_node_default_size: 1048576.
 - enlarge_chunks_in_place: 1.
 - new_chunks_are_fully_committed: 0.
 - uncommit_free_chunks: 1.
 - use_allocation_guard: 0.
 - handle_deallocations: 1.


Internal statistics:

num_allocs_failed_limit: 0.
num_arena_births: 154.
num_arena_deaths: 0.
num_vsnodes_births: 3.
num_vsnodes_deaths: 0.
num_space_committed: 136.
num_space_uncommitted: 0.
num_chunks_returned_to_freelist: 0.
num_chunks_taken_from_freelist: 422.
num_chunk_merges: 0.
num_chunk_splits: 271.
num_chunks_enlarged: 199.
num_purges: 0.
num_inconsistent_stats: 0.

CodeHeap 'non-profiled nmethods': size=120000Kb used=562Kb max_used=562Kb free=119438Kb
 bounds [0x0000022807ad0000, 0x0000022807d40000, 0x000002280f000000]
CodeHeap 'profiled nmethods': size=120000Kb used=2440Kb max_used=2440Kb free=117559Kb
 bounds [0x00000228005a0000, 0x0000022800810000, 0x0000022807ad0000]
CodeHeap 'non-nmethods': size=5760Kb used=1166Kb max_used=1201Kb free=4593Kb
 bounds [0x0000022800000000, 0x0000022800270000, 0x00000228005a0000]
 total_blobs=1868 nmethods=1424 adapters=357
 compilation: enabled
              stopped_count=0, restarted_count=0
 full_count=0

Compilation events (20 events):
Event: 0.945 Thread 0x00000228177ee5d0 nmethod 1417 0x00000228007fd110 code [0x00000228007fd300, 0x00000228007fda58]
Event: 0.945 Thread 0x00000228177ee5d0 1418       3       org.springframework.core.convert.support.GenericConversionService$Converters::lambda$getMatchableConverters$0 (8 bytes)
Event: 0.945 Thread 0x00000228177ee5d0 nmethod 1418 0x00000228007fdc90 code [0x00000228007fde60, 0x00000228007fe438]
Event: 0.945 Thread 0x00000228177ee5d0 1419       3       org.springframework.core.ResolvableType::equals (160 bytes)
Event: 0.945 Thread 0x00000228177ee5d0 nmethod 1419 0x00000228007fe610 code [0x00000228007fe880, 0x00000228007ff3b8]
Event: 0.945 Thread 0x00000228177ee5d0 1403       3       org.springframework.util.ConcurrentReferenceHashMap::createReferenceManager (9 bytes)
Event: 0.945 Thread 0x0000022818aaacd0 1423   !   4       java.net.URL::set (114 bytes)
Event: 0.945 Thread 0x00000228188cc740 1424       4       java.net.URLStreamHandler::setURL (73 bytes)
Event: 0.946 Thread 0x00000228177ee5d0 nmethod 1403 0x00000228007ff610 code [0x00000228007ff7e0, 0x00000228007ffd78]
Event: 0.946 Thread 0x00000228177ee5d0 1422       3       java.util.Arrays::equals (43 bytes)
Event: 0.946 Thread 0x00000228177ee5d0 nmethod 1422 0x00000228007fff10 code [0x00000228008000e0, 0x00000228008003c8]
Event: 0.946 Thread 0x00000228177ee5d0 1425       3       java.util.concurrent.TimeUnit::toMillis (69 bytes)
Event: 0.947 Thread 0x00000228177ee5d0 nmethod 1425 0x0000022800800490 code [0x0000022800800640, 0x0000022800800958]
Event: 0.948 Thread 0x00000228177ee5d0 1426       3       java.lang.invoke.DirectMethodHandle::<init> (148 bytes)
Event: 0.949 Thread 0x00000228177ee5d0 nmethod 1426 0x0000022800800a10 code [0x0000022800800cc0, 0x0000022800801c28]
Event: 0.949 Thread 0x00000228177ee5d0 1427       1       java.lang.ClassLoader::getUnnamedModule (5 bytes)
Event: 0.949 Thread 0x00000228177ee5d0 nmethod 1427 0x0000022807b5a410 code [0x0000022807b5a5a0, 0x0000022807b5a678]
Event: 0.952 Thread 0x0000022818aaacd0 nmethod 1423 0x0000022807b5a710 code [0x0000022807b5a880, 0x0000022807b5b198]
Event: 0.952 Thread 0x0000022818aaacd0 1428       4       java.lang.String::getBytes (44 bytes)
Event: 0.954 Thread 0x0000022818aaacd0 nmethod 1428 0x0000022807b5b290 code [0x0000022807b5b400, 0x0000022807b5b558]

GC Heap History (2 events):
Event: 0.685 GC heap before
{Heap before GC invocations=0 (full 0):
 garbage-first heap   total 260096K, used 22528K [0x0000000703200000, 0x0000000800000000)
  region size 2048K, 11 young (22528K), 0 survivors (0K)
 Metaspace       used 5580K, committed 5824K, reserved 1056768K
  class space    used 649K, committed 768K, reserved 1048576K
}
Event: 0.690 GC heap after
{Heap after GC invocations=1 (full 0):
 garbage-first heap   total 260096K, used 6618K [0x0000000703200000, 0x0000000800000000)
  region size 2048K, 2 young (4096K), 2 survivors (4096K)
 Metaspace       used 5580K, committed 5824K, reserved 1056768K
  class space    used 649K, committed 768K, reserved 1048576K
}

Dll operation events (9 events):
Event: 0.007 Loaded shared library C:\Users\anfahrul\.jdks\corretto-17.0.5\bin\java.dll
Event: 0.015 Loaded shared library C:\Users\anfahrul\.jdks\corretto-17.0.5\bin\jsvml.dll
Event: 0.092 Loaded shared library C:\Users\anfahrul\.jdks\corretto-17.0.5\bin\zip.dll
Event: 0.096 Loaded shared library C:\Users\anfahrul\.jdks\corretto-17.0.5\bin\instrument.dll
Event: 0.101 Loaded shared library C:\Users\anfahrul\.jdks\corretto-17.0.5\bin\net.dll
Event: 0.102 Loaded shared library C:\Users\anfahrul\.jdks\corretto-17.0.5\bin\nio.dll
Event: 0.105 Loaded shared library C:\Users\anfahrul\.jdks\corretto-17.0.5\bin\zip.dll
Event: 0.306 Loaded shared library C:\Program Files\JetBrains\IntelliJ IDEA Educational Edition 2022.2\bin\breakgen64.dll
Event: 0.341 Loaded shared library C:\Users\anfahrul\.jdks\corretto-17.0.5\bin\jimage.dll

Deoptimization events (20 events):
Event: 0.813 Thread 0x0000022874802120 Uncommon trap: trap_request=0xffffff45 fr.pc=0x0000022807ae3638 relative=0x0000000000000038
Event: 0.813 Thread 0x0000022874802120 Uncommon trap: reason=unstable_if action=reinterpret pc=0x0000022807ae3638 method=java.lang.StringLatin1.canEncode(I)Z @ 4 c2
Event: 0.813 Thread 0x0000022874802120 DEOPT PACKING pc=0x0000022807ae3638 sp=0x0000002c99cfd180
Event: 0.813 Thread 0x0000022874802120 DEOPT UNPACKING pc=0x0000022800055ba3 sp=0x0000002c99cfd110 mode 2
Event: 0.829 Thread 0x0000022874802120 Uncommon trap: trap_request=0xffffffde fr.pc=0x0000022807b43d34 relative=0x0000000000000114
Event: 0.829 Thread 0x0000022874802120 Uncommon trap: reason=class_check action=maybe_recompile pc=0x0000022807b43d34 method=jdk.internal.misc.Unsafe.allocateUninitializedArray(Ljava/lang/Class;I)Ljava/lang/Object; @ 51 c2
Event: 0.829 Thread 0x0000022874802120 DEOPT PACKING pc=0x0000022807b43d34 sp=0x0000002c99cfcc50
Event: 0.829 Thread 0x0000022874802120 DEOPT UNPACKING pc=0x0000022800055ba3 sp=0x0000002c99cfcbd8 mode 2
Event: 0.831 Thread 0x0000022874802120 Uncommon trap: trap_request=0xffffffde fr.pc=0x0000022807b43d34 relative=0x0000000000000114
Event: 0.831 Thread 0x0000022874802120 Uncommon trap: reason=class_check action=maybe_recompile pc=0x0000022807b43d34 method=jdk.internal.misc.Unsafe.allocateUninitializedArray(Ljava/lang/Class;I)Ljava/lang/Object; @ 51 c2
Event: 0.831 Thread 0x0000022874802120 DEOPT PACKING pc=0x0000022807b43d34 sp=0x0000002c99cfce00
Event: 0.831 Thread 0x0000022874802120 DEOPT UNPACKING pc=0x0000022800055ba3 sp=0x0000002c99cfcd88 mode 2
Event: 0.831 Thread 0x0000022874802120 Uncommon trap: trap_request=0xffffffde fr.pc=0x0000022807b43d34 relative=0x0000000000000114
Event: 0.831 Thread 0x0000022874802120 Uncommon trap: reason=class_check action=maybe_recompile pc=0x0000022807b43d34 method=jdk.internal.misc.Unsafe.allocateUninitializedArray(Ljava/lang/Class;I)Ljava/lang/Object; @ 51 c2
Event: 0.831 Thread 0x0000022874802120 DEOPT PACKING pc=0x0000022807b43d34 sp=0x0000002c99cfca20
Event: 0.831 Thread 0x0000022874802120 DEOPT UNPACKING pc=0x0000022800055ba3 sp=0x0000002c99cfc9a8 mode 2
Event: 0.832 Thread 0x0000022874802120 Uncommon trap: trap_request=0xffffffde fr.pc=0x0000022807b43d34 relative=0x0000000000000114
Event: 0.832 Thread 0x0000022874802120 Uncommon trap: reason=class_check action=maybe_recompile pc=0x0000022807b43d34 method=jdk.internal.misc.Unsafe.allocateUninitializedArray(Ljava/lang/Class;I)Ljava/lang/Object; @ 51 c2
Event: 0.832 Thread 0x0000022874802120 DEOPT PACKING pc=0x0000022807b43d34 sp=0x0000002c99cfd380
Event: 0.832 Thread 0x0000022874802120 DEOPT UNPACKING pc=0x0000022800055ba3 sp=0x0000002c99cfd308 mode 2

Classes unloaded (0 events):
No events

Classes redefined (0 events):
No events

Internal exceptions (20 events):
Event: 0.746 Thread 0x0000022874802120 Exception <a 'java/lang/NoSuchMethodError'{0x0000000712d44468}: 'java.lang.Object java.lang.invoke.DirectMethodHandle$Holder.newInvokeSpecial(java.lang.Object, java.lang.Object, java.lang.Object, java.lang.Object, java.lang.Object, java.lang.Object, int)'> (0x0000000712d44468) 
thrown [s\src\hotspot\share\interpreter\linkResolver.cpp, line 759]
Event: 0.746 Thread 0x0000022874802120 Exception <a 'java/lang/NoSuchMethodError'{0x0000000712d494a8}: 'java.lang.Object java.lang.invoke.DirectMethodHandle$Holder.invokeSpecial(java.lang.Object, java.lang.Object, java.lang.Object, java.lang.Object, java.lang.Object, java.lang.Object, java.lang.Object, int)'> (0x0000000712d494a8) 
thrown [s\src\hotspot\share\interpreter\linkResolver.cpp, line 759]
Event: 0.779 Thread 0x0000022874802120 Exception <a 'java/lang/NoSuchMethodError'{0x0000000712afdb28}: 'void java.lang.invoke.DirectMethodHandle$Holder.invokeSpecial(java.lang.Object, java.lang.Object, java.lang.Object, java.lang.Object, java.lang.Object)'> (0x0000000712afdb28) 
thrown [s\src\hotspot\share\interpreter\linkResolver.cpp, line 759]
Event: 0.826 Thread 0x0000022874802120 Exception <a 'java/lang/NoSuchMethodError'{0x00000007129846e0}: 'void java.lang.invoke.DirectMethodHandle$Holder.invokeStatic(java.lang.Object, java.lang.Object, java.lang.Object, java.lang.Object, java.lang.Object, java.lang.Object)'> (0x00000007129846e0) 
thrown [s\src\hotspot\share\interpreter\linkResolver.cpp, line 759]
Event: 0.853 Thread 0x0000022874802120 Exception <a 'java/lang/NoSuchMethodError'{0x000000071267f370}: 'java.lang.Object java.lang.invoke.DirectMethodHandle$Holder.invokeSpecial(java.lang.Object, java.lang.Object, java.lang.Object, int, java.lang.Object)'> (0x000000071267f370) 
thrown [s\src\hotspot\share\interpreter\linkResolver.cpp, line 759]
Event: 0.854 Thread 0x0000022874802120 Exception <a 'java/lang/NoSuchMethodError'{0x00000007126879d0}: 'java.lang.Object java.lang.invoke.DirectMethodHandle$Holder.newInvokeSpecial(java.lang.Object, java.lang.Object, java.lang.Object, int, java.lang.Object)'> (0x00000007126879d0) 
thrown [s\src\hotspot\share\interpreter\linkResolver.cpp, line 759]
Event: 0.854 Thread 0x0000022874802120 Exception <a 'java/lang/NoSuchMethodError'{0x000000071268f9a8}: 'java.lang.Object java.lang.invoke.Invokers$Holder.linkToTargetMethod(java.lang.Object, java.lang.Object, int, java.lang.Object, java.lang.Object)'> (0x000000071268f9a8) 
thrown [s\src\hotspot\share\interpreter\linkResolver.cpp, line 759]
Event: 0.856 Thread 0x0000022874802120 Exception <a 'java/lang/NoSuchMethodError'{0x000000071269f700}: 'java.lang.Object java.lang.invoke.DirectMethodHandle$Holder.newInvokeSpecial(java.lang.Object, int, java.lang.Object)'> (0x000000071269f700) 
thrown [s\src\hotspot\share\interpreter\linkResolver.cpp, line 759]
Event: 0.856 Thread 0x0000022874802120 Exception <a 'java/lang/NoSuchMethodError'{0x00000007126a43e0}: 'int java.lang.invoke.DirectMethodHandle$Holder.invokeSpecialIFC(java.lang.Object, java.lang.Object, java.lang.Object, java.lang.Object)'> (0x00000007126a43e0) 
thrown [s\src\hotspot\share\interpreter\linkResolver.cpp, line 759]
Event: 0.874 Thread 0x0000022874802120 Exception <a 'java/lang/NoSuchMethodError'{0x000000071275bc20}: 'void java.lang.invoke.DirectMethodHandle$Holder.invokeInterface(java.lang.Object, java.lang.Object, java.lang.Object)'> (0x000000071275bc20) 
thrown [s\src\hotspot\share\interpreter\linkResolver.cpp, line 759]
Event: 0.879 Thread 0x0000022874802120 Exception <a 'java/lang/NoSuchMethodError'{0x0000000712785728}: 'int java.lang.invoke.DirectMethodHandle$Holder.invokeInterface(java.lang.Object, java.lang.Object)'> (0x0000000712785728) 
thrown [s\src\hotspot\share\interpreter\linkResolver.cpp, line 759]
Event: 0.889 Thread 0x0000022874802120 Exception <a 'java/lang/NoSuchMethodError'{0x00000007127e09b0}: 'void java.lang.invoke.DirectMethodHandle$Holder.invokeStaticInit(java.lang.Object, java.lang.Object)'> (0x00000007127e09b0) 
thrown [s\src\hotspot\share\interpreter\linkResolver.cpp, line 759]
Event: 0.891 Thread 0x0000022874802120 Exception <a 'java/lang/NoSuchMethodError'{0x00000007127ef008}: 'void java.lang.invoke.DirectMethodHandle$Holder.invokeStaticInit(java.lang.Object, java.lang.Object, java.lang.Object)'> (0x00000007127ef008) 
thrown [s\src\hotspot\share\interpreter\linkResolver.cpp, line 759]
Event: 0.896 Thread 0x0000022874802120 Exception <a 'java/lang/NoSuchMethodError'{0x000000071242f7a0}: 'java.lang.Object java.lang.invoke.DirectMethodHandle$Holder.invokeStatic(java.lang.Object, java.lang.Object, long, java.lang.Object)'> (0x000000071242f7a0) 
thrown [s\src\hotspot\share\interpreter\linkResolver.cpp, line 759]
Event: 0.896 Thread 0x0000022874802120 Exception <a 'java/lang/NoSuchMethodError'{0x0000000712433238}: 'java.lang.Object java.lang.invoke.DirectMethodHandle$Holder.invokeStaticInit(java.lang.Object, java.lang.Object, long, java.lang.Object)'> (0x0000000712433238) 
thrown [s\src\hotspot\share\interpreter\linkResolver.cpp, line 759]
Event: 0.897 Thread 0x0000022874802120 Exception <a 'java/lang/NoSuchMethodError'{0x0000000712439978}: 'java.lang.Object java.lang.invoke.DirectMethodHandle$Holder.newInvokeSpecial(java.lang.Object, java.lang.Object, long)'> (0x0000000712439978) 
thrown [s\src\hotspot\share\interpreter\linkResolver.cpp, line 759]
Event: 0.897 Thread 0x0000022874802120 Exception <a 'java/lang/NoSuchMethodError'{0x000000071243d4e8}: 'java.lang.Object java.lang.invoke.Invokers$Holder.linkToTargetMethod(java.lang.Object, long, java.lang.Object)'> (0x000000071243d4e8) 
thrown [s\src\hotspot\share\interpreter\linkResolver.cpp, line 759]
Event: 0.908 Thread 0x0000022874802120 Exception <a 'java/lang/NoSuchMethodError'{0x0000000712483510}: 'void java.lang.invoke.DirectMethodHandle$Holder.invokeVirtual(java.lang.Object, java.lang.Object, java.lang.Object, java.lang.Object)'> (0x0000000712483510) 
thrown [s\src\hotspot\share\interpreter\linkResolver.cpp, line 759]
Event: 0.936 Thread 0x0000022874802120 Exception <a 'java/lang/NoSuchMethodError'{0x0000000712221118}: 'void java.lang.invoke.DirectMethodHandle$Holder.invokeSpecial(java.lang.Object, java.lang.Object, java.lang.Object)'> (0x0000000712221118) 
thrown [s\src\hotspot\share\interpreter\linkResolver.cpp, line 759]
Event: 0.942 Thread 0x0000022874802120 Exception <a 'java/lang/IncompatibleClassChangeError'{0x0000000712255d18}: Found class java.lang.Object, but interface was expected> (0x0000000712255d18) 
thrown [s\src\hotspot\share\interpreter\linkResolver.cpp, line 826]

VM Operations (18 events):
Event: 0.308 Executing VM operation: HandshakeAllThreads
Event: 0.308 Executing VM operation: HandshakeAllThreads done
Event: 0.336 Executing VM operation: HandshakeAllThreads
Event: 0.336 Executing VM operation: HandshakeAllThreads done
Event: 0.344 Executing VM operation: HandshakeAllThreads
Event: 0.344 Executing VM operation: HandshakeAllThreads done
Event: 0.417 Executing VM operation: HandshakeAllThreads
Event: 0.417 Executing VM operation: HandshakeAllThreads done
Event: 0.615 Executing VM operation: HandshakeAllThreads
Event: 0.615 Executing VM operation: HandshakeAllThreads done
Event: 0.685 Executing VM operation: G1CollectForAllocation
Event: 0.690 Executing VM operation: G1CollectForAllocation done
Event: 0.850 Executing VM operation: HandshakeAllThreads
Event: 0.850 Executing VM operation: HandshakeAllThreads done
Event: 0.934 Executing VM operation: HandshakeAllThreads
Event: 0.934 Executing VM operation: HandshakeAllThreads done
Event: 0.934 Executing VM operation: HandshakeAllThreads
Event: 0.934 Executing VM operation: HandshakeAllThreads done

Events (20 events):
Event: 0.899 loading class java/util/concurrent/SynchronousQueue$Transferer
Event: 0.900 loading class java/util/concurrent/SynchronousQueue$Transferer done
Event: 0.900 loading class java/util/concurrent/SynchronousQueue$TransferStack done
Event: 0.900 loading class java/util/concurrent/SynchronousQueue$TransferStack$SNode
Event: 0.900 loading class java/util/concurrent/ForkJoinPool$ManagedBlocker
Event: 0.900 loading class java/util/concurrent/ForkJoinPool$ManagedBlocker done
Event: 0.900 loading class java/util/concurrent/SynchronousQueue$TransferStack$SNode done
Event: 0.916 loading class java/util/Stack
Event: 0.916 loading class java/util/Stack done
Event: 0.916 loading class java/util/Vector$Itr
Event: 0.917 loading class java/util/Vector$Itr done
Event: 0.939 Thread 0x00000228194ad020 Thread added: 0x00000228194ad020
Event: 0.945 loading class java/io/Console
Event: 0.945 loading class java/io/Console done
Event: 0.945 loading class sun/nio/cs/IBM437
Event: 0.946 loading class sun/nio/cs/IBM437 done
Event: 0.946 loading class java/io/Console$2
Event: 0.946 loading class jdk/internal/access/JavaIOAccess
Event: 0.946 loading class jdk/internal/access/JavaIOAccess done
Event: 0.946 loading class java/io/Console$2 done


Dynamic libraries:
0x00007ff6d4b70000 - 0x00007ff6d4b7d000 	C:\Users\anfahrul\.jdks\corretto-17.0.5\bin\java.exe
0x00007ffff1740000 - 0x00007ffff1949000 	C:\Windows\SYSTEM32\ntdll.dll
0x00007ffff0700000 - 0x00007ffff07be000 	C:\Windows\System32\KERNEL32.DLL
0x00007fffeed60000 - 0x00007fffef0db000 	C:\Windows\System32\KERNELBASE.dll
0x00007fffef0e0000 - 0x00007fffef1f1000 	C:\Windows\System32\ucrtbase.dll
0x00007fffea260000 - 0x00007fffea275000 	C:\Users\anfahrul\.jdks\corretto-17.0.5\bin\VCRUNTIME140.dll
0x00007fffe7e60000 - 0x00007fffe7e77000 	C:\Users\anfahrul\.jdks\corretto-17.0.5\bin\jli.dll
0x00007fffefa40000 - 0x00007fffefbed000 	C:\Windows\System32\USER32.dll
0x00007fffeed30000 - 0x00007fffeed56000 	C:\Windows\System32\win32u.dll
0x00007ffff0a50000 - 0x00007ffff0a79000 	C:\Windows\System32\GDI32.dll
0x00007fffd0d10000 - 0x00007fffd0fb5000 	C:\Windows\WinSxS\amd64_microsoft.windows.common-controls_6595b64144ccf1df_6.0.22000.120_none_9d947278b86cc467\COMCTL32.dll
0x00007fffeec10000 - 0x00007fffeed28000 	C:\Windows\System32\gdi32full.dll
0x00007ffff0560000 - 0x00007ffff0603000 	C:\Windows\System32\msvcrt.dll
0x00007fffef200000 - 0x00007fffef29d000 	C:\Windows\System32\msvcp_win.dll
0x00007ffff0a80000 - 0x00007ffff0ab2000 	C:\Windows\System32\IMM32.DLL
0x00007fffd8a70000 - 0x00007fffd8b0b000 	C:\Users\anfahrul\.jdks\corretto-17.0.5\bin\msvcp140.dll
0x00007fff98580000 - 0x00007fff99194000 	C:\Users\anfahrul\.jdks\corretto-17.0.5\bin\server\jvm.dll
0x00007fffefd30000 - 0x00007fffefdde000 	C:\Windows\System32\ADVAPI32.dll
0x00007fffefe50000 - 0x00007fffefeee000 	C:\Windows\System32\sechost.dll
0x00007fffefbf0000 - 0x00007fffefd10000 	C:\Windows\System32\RPCRT4.dll
0x00007fffe0810000 - 0x00007fffe081a000 	C:\Windows\SYSTEM32\VERSION.dll
0x00007fffe6390000 - 0x00007fffe63c3000 	C:\Windows\SYSTEM32\WINMM.dll
0x00007fffcb3c0000 - 0x00007fffcb3c9000 	C:\Windows\SYSTEM32\WSOCK32.dll
0x00007ffff0410000 - 0x00007ffff047f000 	C:\Windows\System32\WS2_32.dll
0x00007fffedd80000 - 0x00007fffedd98000 	C:\Windows\SYSTEM32\kernel.appcore.dll
0x00007fffeaf70000 - 0x00007fffeaf7a000 	C:\Users\anfahrul\.jdks\corretto-17.0.5\bin\jimage.dll
0x00007fffec7a0000 - 0x00007fffec9c1000 	C:\Windows\SYSTEM32\DBGHELP.DLL
0x00007fffe0eb0000 - 0x00007fffe0ee1000 	C:\Windows\SYSTEM32\dbgcore.DLL
0x00007fffef2a0000 - 0x00007fffef31f000 	C:\Windows\System32\bcryptPrimitives.dll
0x00007fffd8d10000 - 0x00007fffd8d1e000 	C:\Users\anfahrul\.jdks\corretto-17.0.5\bin\instrument.dll
0x00007fffe16b0000 - 0x00007fffe16d5000 	C:\Users\anfahrul\.jdks\corretto-17.0.5\bin\java.dll
0x00007fffc1870000 - 0x00007fffc1946000 	C:\Users\anfahrul\.jdks\corretto-17.0.5\bin\jsvml.dll
0x00007ffff0f40000 - 0x00007ffff16f7000 	C:\Windows\System32\SHELL32.dll
0x00007fffecce0000 - 0x00007fffed545000 	C:\Windows\SYSTEM32\windows.storage.dll
0x00007fffef5d0000 - 0x00007fffef948000 	C:\Windows\System32\combase.dll
0x00007fffeca60000 - 0x00007fffecbc6000 	C:\Windows\SYSTEM32\wintypes.dll
0x00007ffff0610000 - 0x00007ffff06fa000 	C:\Windows\System32\SHCORE.dll
0x00007fffeff80000 - 0x00007fffeffdd000 	C:\Windows\System32\shlwapi.dll
0x00007fffeeb40000 - 0x00007fffeeb61000 	C:\Windows\SYSTEM32\profapi.dll
0x00007fffd8d80000 - 0x00007fffd8d98000 	C:\Users\anfahrul\.jdks\corretto-17.0.5\bin\zip.dll
0x00007fffe1770000 - 0x00007fffe1789000 	C:\Users\anfahrul\.jdks\corretto-17.0.5\bin\net.dll
0x00007fffe87f0000 - 0x00007fffe8904000 	C:\Windows\SYSTEM32\WINHTTP.dll
0x00007fffee220000 - 0x00007fffee287000 	C:\Windows\system32\mswsock.dll
0x00007fffe0af0000 - 0x00007fffe0b05000 	C:\Users\anfahrul\.jdks\corretto-17.0.5\bin\nio.dll
0x00007fffd49e0000 - 0x00007fffd49fa000 	C:\Program Files\JetBrains\IntelliJ IDEA Educational Edition 2022.2\bin\breakgen64.dll

dbghelp: loaded successfully - version: 4.0.5 - missing functions: none
symbol engine: initialized successfully - sym options: 0x614 - pdb path: .;C:\Users\anfahrul\.jdks\corretto-17.0.5\bin;C:\Windows\SYSTEM32;C:\Windows\WinSxS\amd64_microsoft.windows.common-controls_6595b64144ccf1df_6.0.22000.120_none_9d947278b86cc467;C:\Users\anfahrul\.jdks\corretto-17.0.5\bin\server;C:\Program Files\JetBrains\IntelliJ IDEA Educational Edition 2022.2\bin

VM Arguments:
jvm_args: -javaagent:C:\Program Files\JetBrains\IntelliJ IDEA Educational Edition 2022.2\lib\idea_rt.jar=52973:C:\Program Files\JetBrains\IntelliJ IDEA Educational Edition 2022.2\bin -Dfile.encoding=UTF-8 
java_command: com.anfahrul.researchfund.ResearchfundApplicationKt
java_class_path (initial): D:\DEVELOPMENT\project\researchfund\build\classes\kotlin\main;D:\DEVELOPMENT\project\researchfund\build\resources\main;C:\Users\anfahrul\.gradle\caches\modules-2\files-2.1\org.springframework.boot\spring-boot-starter-data-jpa\3.0.0\3fa6a036bc4f0383ebb6105420d36ce9580d5fe9\spring-boot-starter-data-jpa-3.0.0.jar;C:\Users\anfahrul\.gradle\caches\modules-2\files-2.1\org.springframework.boot\spring-boot-starter-web\3.0.0\5dd6c38f60b915dce2c4a340f4ea68f2e52306f8\spring-boot-starter-web-3.0.0.jar;C:\Users\anfahrul\.gradle\caches\modules-2\files-2.1\org.springframework.boot\spring-boot-starter-validation\3.0.0\306f603abf63f42ccfeefa238f8c32aa535ab943\spring-boot-starter-validation-3.0.0.jar;C:\Users\anfahrul\.gradle\caches\modules-2\files-2.1\io.jsonwebtoken\jjwt\0.9.1\54d2abfc3e63a28824d35bf600d6a5d627da681a\jjwt-0.9.1.jar;C:\Users\anfahrul\.gradle\caches\modules-2\files-2.1\com.fasterxml.jackson.module\jackson-module-kotlin\2.14.1\9230908f5a521fc2afccdd62c50bb7bb9ef633a1\jackson-module-kotlin-2.14.1.jar;C:\Users\anfahrul\.gradle\caches\modules-2\files-2.1\org.jetbrains.kotlin\kotlin-reflect\1.7.21\ad6d09bc4db0eab1069112eea8ebea0be7be44f\kotlin-reflect-1.7.21.jar;C:\Users\anfahrul\.gradle\caches\modules-2\files-2.1\org.jetbrains.kotlin\kotlin-stdlib-jdk8\1.7.21\5407c3593c58860cec5ee3f66c468396b42f4c2b\kotlin-stdlib-jdk8-1.7.21.jar;C:\Users\anfahrul\.gradle\caches\modules-2\files-2.1\org.springframework.boot\spring-boot-starter-security\3.0.0\efe7ffae5c9875e2019c6a701759ea524cb331ee\spring-boot-starter-security-3.0.0.jar;C:\Users\anfahrul\.gradle\caches\modules-2\files-2.1\javax.xml.bind\jaxb-api\2.4.0-b180830.0359\b54184b7dcab2031add3f525550c7f1b7e12209d\jaxb-api-2.4.0-b180830.0359.jar;C:\Users\anfahrul\.gradle\caches\modules-2\files-2.1\org.springframework.boot\spring-boot-starter-aop\3.0.0\aff0890dc80d8838cfa3276abfda07d9bfb0d730\spring-boot-starter-aop-3.0.0.jar;C:\Users\anfahrul\.gradle\caches\modules-2\files-2.1\org.springframework.boot\sp
Launcher Type: SUN_STANDARD

[Global flags]
     intx CICompilerCount                          = 4                                         {product} {ergonomic}
     uint ConcGCThreads                            = 2                                         {product} {ergonomic}
     uint G1ConcRefinementThreads                  = 8                                         {product} {ergonomic}
   size_t G1HeapRegionSize                         = 2097152                                   {product} {ergonomic}
    uintx GCDrainStackTargetSize                   = 64                                        {product} {ergonomic}
   size_t InitialHeapSize                          = 266338304                                 {product} {ergonomic}
   size_t MarkStackSize                            = 4194304                                   {product} {ergonomic}
   size_t MaxHeapSize                              = 4242538496                                {product} {ergonomic}
   size_t MaxNewSize                               = 2543845376                                {product} {ergonomic}
   size_t MinHeapDeltaBytes                        = 2097152                                   {product} {ergonomic}
   size_t MinHeapSize                              = 8388608                                   {product} {ergonomic}
    uintx NonNMethodCodeHeapSize                   = 5839372                                {pd product} {ergonomic}
    uintx NonProfiledCodeHeapSize                  = 122909434                              {pd product} {ergonomic}
    uintx ProfiledCodeHeapSize                     = 122909434                              {pd product} {ergonomic}
    uintx ReservedCodeCacheSize                    = 251658240                              {pd product} {ergonomic}
     bool SegmentedCodeCache                       = true                                      {product} {ergonomic}
   size_t SoftMaxHeapSize                          = 4242538496                             {manageable} {ergonomic}
     bool UseCompressedClassPointers               = true                           {product lp64_product} {ergonomic}
     bool UseCompressedOops                        = true                           {product lp64_product} {ergonomic}
     bool UseG1GC                                  = true                                      {product} {ergonomic}
     bool UseLargePagesIndividualAllocation        = false                                  {pd product} {ergonomic}

Logging:
Log output configuration:
 #0: stdout all=warning uptime,level,tags
 #1: stderr all=off uptime,level,tags

Environment Variables:
JAVA_HOME=C:\Program Files\Java\jdk-19.0.1
PATH=C:\Program Files (x86)\Common Files\Intel\Shared Libraries\redist\intel64\compiler;C:\Windows\system32;C:\Windows;C:\Windows\System32\Wbem;C:\Windows\System32\WindowsPowerShell\v1.0\;C:\Windows\System32\OpenSSH\;C:\Program Files (x86)\NVIDIA Corporation\PhysX\Common;C:\Program Files\Go\bin;C:\Program Files\Git\cmd;C:\Program Files\Java\jdk-19.0.1\bin;C:\ProgramData\chocolatey\bin;C:\Program Files\dotnet\;C:\Program Files\Docker\Docker\resources\bin;C:\xampp\php;C:\composer;C:\Program Files\nodejs\;C:\Users\anfahrul\AppData\Local\Microsoft\WindowsApps;;C:\Users\anfahrul\AppData\Local\Programs\Microsoft VS Code\bin;C:\Users\anfahrul\AppData\Roaming\Composer\vendor\bin;C:\Users\anfahrul\AppData\Roaming\npm
USERNAME=anfahrul
OS=Windows_NT
PROCESSOR_IDENTIFIER=Intel64 Family 6 Model 140 Stepping 1, GenuineIntel
TMP=C:\Users\anfahrul\AppData\Local\Temp
TEMP=C:\Users\anfahrul\AppData\Local\Temp



---------------  S Y S T E M  ---------------

OS:
 Windows 11 , 64 bit Build 22000 (10.0.22000.1335)
OS uptime: 7 days 1:32 hours
Hyper-V role detected

CPU: total 8 (initial active 8) (4 cores per cpu, 2 threads per core) family 6 model 140 stepping 1 microcode 0x8a, cx8, cmov, fxsr, ht, mmx, 3dnowpref, sse, sse2, sse3, ssse3, sse4.1, sse4.2, popcnt, lzcnt, tsc, tscinvbit, avx, avx2, aes, erms, clmul, bmi1, bmi2, adx, avx512f, avx512dq, avx512cd, avx512bw, avx512vl, sha, fma, vzeroupper, avx512_vpopcntdq, avx512_vpclmulqdq, avx512_vaes, avx512_vnni, clflush, clflushopt, clwb, avx512_vbmi2, avx512_vbmi, hv

Memory: 4k page, system-wide physical 16183M (814M free)
TotalPageFile size 51183M (AvailPageFile size 3M)
current process WorkingSet (physical memory assigned to process): 94M, peak: 96M
current process commit charge ("private bytes"): 371M, peak: 373M

vm_info: OpenJDK 64-Bit Server VM (17.0.5+8-LTS) for windows-amd64 JRE (17.0.5+8-LTS), built on Oct 13 2022 05:18:14 by "Administrator" with MS VC++ 15.9 (VS2017)

END.
